<?xml version="1.0" encoding="UTF-8"?>
<!-- Generated by org.testng.reporters.JUnitReportReporter -->
<testsuite hostname="Karthick" failures="0" tests="2" name="webTestCases.Module2_Login" time="14.865" errors="0" timestamp="2024-01-26T23:22:24 IST" skipped="0">
  <testcase classname="webTestCases.Module2_Login" name="tc002_Invalid_Data" time="6.959"/>
  <system-out>
    <![CDATA[Edge browser is opened
Browser is maximized
Navigated to https://demowebshop.tricentis.com/
Implicit wait set to : 20 seconds
Log in is clicked
Entered karti@hotmail.com into 
Entered Ka@12345 into 
 is clicked
Login was unsuccessful. Please correct the errors and try again.
No customer account found is displayed
Browser is closed]]>
  </system-out>
  <testcase classname="webTestCases.Module2_Login" name="tc001_Valid_Data" time="7.906"/>
  <system-out>
    <![CDATA[Chrome browser is opened
Browser is maximized
Navigated to https://demowebshop.tricentis.com/
Implicit wait set to : 20 seconds
Log in is clicked
Entered mkar@gmail.com into 
Entered Ka@12345 into 
 is clicked
mkar@gmail.com is displayed
Browser is closed]]>
  </system-out>
</testsuite> <!-- webTestCases.Module2_Login -->
