<?xml version="1.0" encoding="UTF-8"?>
<!-- Generated by org.testng.reporters.JUnitReportReporter -->
<testsuite hostname="Karthick" failures="0" tests="4" name="webServicesTestCases.Module1_GithubRepo" time="8.003" errors="0" timestamp="2024-01-24T23:56:28 IST" skipped="0">
  <testcase classname="webServicesTestCases.Module1_GithubRepo" name="tc001_CreateRepo" time="5.440"/>
  <system-out>
    <![CDATA[Status Code : 201
Status Message : HTTP/1.1 201 Created
RA_Github_Repo44580 is matchig
Rest Assured Repo is matchig]]>
  </system-out>
  <testcase classname="webServicesTestCases.Module1_GithubRepo" name="tc002_GetRepo" time="0.628"/>
  <system-out>
    <![CDATA[Status Code : 200
Status Message : HTTP/1.1 200 OK]]>
  </system-out>
  <testcase classname="webServicesTestCases.Module1_GithubRepo" name="tc003_UpdateRepo" time="1.178"/>
  <system-out>
    <![CDATA[Status Code : 200
Status Message : HTTP/1.1 200 OK
New Rest Assured Repo description is matchig]]>
  </system-out>
  <testcase classname="webServicesTestCases.Module1_GithubRepo" name="tc004_DeleteRepo" time="0.757"/>
  <system-out>
    <![CDATA[Status Code : 204
Status Message : HTTP/1.1 204 No Content]]>
  </system-out>
</testsuite> <!-- webServicesTestCases.Module1_GithubRepo -->
