<?xml version="1.0" encoding="UTF-8"?>
<!-- Generated by org.testng.reporters.JUnitReportReporter -->
<testsuite hostname="Karthick" failures="0" tests="2" name="androidTestCases.MobileWebTC" time="55.940" errors="0" timestamp="2024-01-26T23:22:24 IST" skipped="0">
  <testcase classname="androidTestCases.MobileWebTC" name="tc002_Login" time="24.302"/>
  <system-out>
    <![CDATA[ChromeBrowser app is opened
Navigated to https://demowebshop.tricentis.com/
Implicit wait set to : 10
Register is displayed
Tapped on Log in
Entered mkar@gmail.com into 
Entered Ka@12345 into 
Keyboard hided
Tapped on 
mkar@gmail.com is displayed
Closed browser app]]>
  </system-out>
  <testcase classname="androidTestCases.MobileWebTC" name="tc001_Registration" time="31.638"/>
  <system-out>
    <![CDATA[ChromeBrowser app is opened
Navigated to https://demowebshop.tricentis.com/
Implicit wait set to : 10
Register is displayed
Tapped on Register
Tapped on 
Entered Dummy into 
Entered User into 
Entered qkCo7123@gmail.com into 
Entered Ka@12345 into 
Entered Ka@12345 into 
Keyboard hided
Tapped on 
Your registration completed is displayed
Closed browser app]]>
  </system-out>
</testsuite> <!-- androidTestCases.MobileWebTC -->
