<?xml version="1.0" encoding="UTF-8"?>
<!-- Generated by org.testng.reporters.JUnitReportReporter -->
<testsuite hostname="Karthick" failures="0" tests="2" name="webTestCases.Module1_Registration" time="20.139" errors="0" timestamp="2024-01-23T01:06:32 IST" skipped="0">
  <testcase classname="webTestCases.Module1_Registration" name="tc002_Invalid_Data" time="8.944"/>
  <system-out>
    <![CDATA[Edge browser is opened
Browser is maximized
Navigated to https://demowebshop.tricentis.com/
Implicit wait set to : 20 seconds
Register is clicked
 is clicked
Entered Dummy into 
Entered User into 
Entered mkar@gmail.com into 
Entered Ka@12345 into 
Entered Ka@12345 into 
 is clicked
The specified email already exists is displayed
Browser is closed]]>
  </system-out>
  <testcase classname="webTestCases.Module1_Registration" name="tc001_Valid_Data" time="11.195"/>
  <system-out>
    <![CDATA[Chrome browser is opened
Browser is maximized
Navigated to https://demowebshop.tricentis.com/
Implicit wait set to : 20 seconds
Register is clicked
 is clicked
Entered Dummy into 
Entered User into 
Entered ysKeE123@gmail.com into 
Entered Ka@12345 into 
Entered Ka@12345 into 
 is clicked
Your registration completed is displayed
Browser is closed]]>
  </system-out>
</testsuite> <!-- webTestCases.Module1_Registration -->
