<?xml version="1.0" encoding="UTF-8"?>
<!-- Generated by org.testng.reporters.JUnitReportReporter -->
<testsuite hostname="Karthick" failures="0" tests="4" name="webServicesTestCases.Module1_GithubRepo" time="5.188" errors="0" timestamp="2024-01-23T02:08:41 IST" skipped="0">
  <testcase classname="webServicesTestCases.Module1_GithubRepo" name="tc002_GetRepo" time="0.483"/>
  <system-out>
    <![CDATA[Status Code : 200
Status Message : HTTP/1.1 200 OK]]>
  </system-out>
  <testcase classname="webServicesTestCases.Module1_GithubRepo" name="tc003_UpdateRepo" time="0.581"/>
  <system-out>
    <![CDATA[Status Code : 200
Status Message : HTTP/1.1 200 OK
New Rest Assured Repo description is matchig]]>
  </system-out>
  <testcase classname="webServicesTestCases.Module1_GithubRepo" name="tc004_DeleteRepo" time="0.567"/>
  <system-out>
    <![CDATA[Status Code : 204
Status Message : HTTP/1.1 204 No Content]]>
  </system-out>
  <testcase classname="webServicesTestCases.Module1_GithubRepo" name="tc001_CreateRepo" time="3.557"/>
  <system-out>
    <![CDATA[Status Code : 201
Status Message : HTTP/1.1 201 Created
RA_Github_Repo95001 is matchig
Rest Assured Repo is matchig]]>
  </system-out>
</testsuite> <!-- webServicesTestCases.Module1_GithubRepo -->
