<?xml version="1.0" encoding="UTF-8"?>
<!-- Generated by org.testng.reporters.JUnitReportReporter -->
<testsuite hostname="Karthick" failures="0" tests="2" name="webTestCases.Registration" time="64.244" errors="0" timestamp="2024-01-22T00:14:00 IST" skipped="0">
  <testcase classname="webTestCases.Registration" name="tc002_Invalid_Data" time="40.597"/>
  <system-out>
    <![CDATA[Edge browser is opened
Browser is maximized
Navigated to https://demowebshop.tricentis.com/
Implicit wait set to : 20 seconds
Register is clicked
 is clicked
Entered Dummy into 
Entered User into 
Entered mkar@gmail.com into 
Entered Ka@12345 into 
Entered Ka@12345 into 
 is clicked
The specified email already exists is displayed
Browser is closed]]>
  </system-out>
  <testcase classname="webTestCases.Registration" name="tc001_Valid_Data" time="23.647"/>
  <system-out>
    <![CDATA[Chrome browser is opened
Browser is maximized
Navigated to https://demowebshop.tricentis.com/
Implicit wait set to : 20 seconds
Register is clicked
 is clicked
Entered Dummy into 
Entered User into 
Entered iyP3y123@gmail.com into 
Entered Ka@12345 into 
Entered Ka@12345 into 
 is clicked
Your registration completed is displayed
Browser is closed]]>
  </system-out>
</testsuite> <!-- webTestCases.Registration -->
