<?xml version="1.0" encoding="UTF-8"?>
<!-- Generated by org.testng.reporters.JUnitReportReporter -->
<testsuite hostname="Karthick" failures="0" tests="1" name="android.TC001" time="21.535" errors="0" timestamp="2024-01-21T17:14:00 IST" skipped="0">
  <testcase classname="android.TC001" name="openApp" time="21.535"/>
  <system-out/>
</testsuite> <!-- android.TC001 -->
