<?xml version="1.0" encoding="UTF-8"?>
<!-- Generated by org.testng.reporters.JUnitReportReporter -->
<testsuite hostname="Karthick" failures="0" tests="2" name="webTestCases.Module3_Search" time="19.626" errors="0" timestamp="2024-01-23T01:06:32 IST" skipped="0">
  <testcase classname="webTestCases.Module3_Search" name="tc001_Search_via_NavigationBar" time="9.077"/>
  <system-out>
    <![CDATA[Chrome browser is opened
Browser is maximized
Navigated to https://demowebshop.tricentis.com/
Implicit wait set to : 20 seconds
Log in is clicked
Entered mkar@gmail.com into 
Entered Ka@12345 into 
 is clicked
mkar@gmail.com is displayed
Mouse hovered on COMPUTERS
Desktops is clicked
Desktops is displayed
Browser is closed]]>
  </system-out>
  <testcase classname="webTestCases.Module3_Search" name="tc002_Search_via_SearchTF" time="10.549"/>
  <system-out>
    <![CDATA[Chrome browser is opened
Browser is maximized
Navigated to https://demowebshop.tricentis.com/
Implicit wait set to : 20 seconds
Log in is clicked
Entered mkar@gmail.com into 
Entered Ka@12345 into 
 is clicked
mkar@gmail.com is displayed
Entered computer into 
Simple Computer is clicked
Simple Computer is displayed
Browser is closed]]>
  </system-out>
</testsuite> <!-- webTestCases.Module3_Search -->
