<?xml version="1.0" encoding="UTF-8"?>
<!-- Generated by org.testng.reporters.JUnitReportReporter -->
<testsuite hostname="Karthick" failures="0" tests="1" name="androidTestCases.LoginTC" time="27.610" errors="0" timestamp="2024-01-26T22:54:55 IST" skipped="0">
  <testcase classname="androidTestCases.LoginTC" name="tc001" time="27.610"/>
  <system-out>
    <![CDATA[ChromeBrowser app is opened
Navigated to https://demowebshop.tricentis.com/
Implicit wait set to : 10
Register is displayed
Tapped on Log in
Entered mkar@gmail.com into 
Entered Ka@12345 into 
Keyboard hided
Tapped on 
mkar@gmail.com is displayed
Closed browser app]]>
  </system-out>
</testsuite> <!-- androidTestCases.LoginTC -->
