<?xml version="1.0" encoding="UTF-8"?>
<!-- Generated by org.testng.reporters.JUnitReportReporter -->
<testsuite hostname="Karthick" failures="0" tests="2" name="webTestCases.Module1_Registration" time="35.948" errors="0" timestamp="2024-01-26T23:22:24 IST" skipped="0">
  <testcase classname="webTestCases.Module1_Registration" name="tc002_Invalid_Data" time="16.760"/>
  <system-out>
    <![CDATA[Edge browser is opened
Browser is maximized
Navigated to https://demowebshop.tricentis.com/
Implicit wait set to : 20 seconds
Register is clicked
 is clicked
Entered Dummy into 
Entered User into 
Entered mkar@gmail.com into 
Entered Ka@12345 into 
Entered Ka@12345 into 
 is clicked
The specified email already exists is displayed
Browser is closed]]>
  </system-out>
  <testcase classname="webTestCases.Module1_Registration" name="tc001_Valid_Data" time="19.188"/>
  <system-out>
    <![CDATA[FireFox browser is opened
Browser is maximized
Navigated to https://demowebshop.tricentis.com/
Implicit wait set to : 20 seconds
Register is clicked
 is clicked
Entered Dummy into 
Entered User into 
Entered RY4nJ123@gmail.com into 
Entered Ka@12345 into 
Entered Ka@12345 into 
 is clicked
Your registration completed is displayed
Browser is closed]]>
  </system-out>
</testsuite> <!-- webTestCases.Module1_Registration -->
